2025-02-05 11:53:10,843 - db_helper - INFO - fetch_expenses_for_date called with 2024-08-28
2025-02-05 11:53:36,758 - db_helper - INFO - delete_expenses_for_date called with 2024-08-28
2025-02-05 11:53:36,772 - db_helper - INFO - insert_expense called with date: 2024-08-28,amount:1227.0,category:Rent,notes:Monthly rent payment
2025-02-05 11:53:36,784 - db_helper - INFO - insert_expense called with date: 2024-08-28,amount:300.0,category:Food,notes:Groceries for the week
2025-02-05 22:12:08,373 - db_helper - INFO - fetch_expenses_for_date called with 2024-08-01
2025-02-05 22:26:30,903 - db_helper - INFO - fetch_expenses_for_date called with 2024-08-01
2025-02-05 22:26:44,247 - db_helper - INFO - fetch_expenses_for_date called with 2024-08-01
2025-02-05 22:28:07,711 - db_helper - INFO - fetch_expenses_for_date called with 2024-08-01
2025-02-05 22:28:21,766 - db_helper - INFO - fetch_expenses_for_date called with 2024-08-01
2025-02-05 22:38:07,958 - db_helper - INFO - fetch_expenses_for_date called with 2024-08-01
2025-02-05 22:40:18,951 - db_helper - INFO - fetch_expenses_for_date called with 2024-08-01
2025-02-05 22:40:39,609 - db_helper - INFO - fetch_expenses_for_date called with 2024-08-01
2025-02-05 23:54:44,162 - db_helper - INFO - fetch_expenses_for_date called with 2024-08-01
2025-02-05 23:55:36,660 - db_helper - INFO - fetch_expenses_for_date called with 2024-08-01
2025-02-05 23:56:14,115 - db_helper - INFO - fetch_expenses_for_date called with 2024-08-07
2025-02-05 23:56:18,371 - db_helper - INFO - fetch_expenses_for_date called with 2024-08-02
2025-02-05 23:56:24,862 - db_helper - INFO - fetch_expenses_for_date called with 2024-08-03
2025-02-05 23:56:32,719 - db_helper - INFO - fetch_expenses_for_date called with 2024-08-06
2025-02-06 00:05:16,380 - db_helper - INFO - fetch_expenses_for_date called with 2024-08-06
2025-02-06 00:05:24,591 - db_helper - INFO - fetch_expenses_for_date called with 2024-08-01
2025-02-06 00:05:32,448 - db_helper - INFO - fetch_expenses_for_date called with 2024-08-02
2025-02-06 00:05:41,964 - db_helper - INFO - fetch_expenses_for_date called with 2024-08-06
2025-02-06 00:06:45,094 - db_helper - INFO - fetch_expenses_for_date called with 2024-08-07
2025-02-06 00:07:45,315 - db_helper - INFO - fetch_expenses_for_date called with 2024-08-07
2025-02-06 00:08:32,587 - db_helper - INFO - fetch_expenses_for_date called with 2024-08-07
2025-02-06 00:08:32,628 - db_helper - INFO - delete_expenses_for_date called with 2024-08-07
2025-02-06 00:08:32,640 - db_helper - INFO - insert_expense called with date: 2024-08-07,amount:20.0,category:Food,notes:pakoda
2025-02-06 00:08:32,657 - db_helper - INFO - insert_expense called with date: 2024-08-07,amount:40.0,category:Shopping,notes:ought hair oil
2025-02-06 00:08:32,674 - db_helper - INFO - insert_expense called with date: 2024-08-07,amount:50.0,category:Entertainment,notes:play chess on internet
2025-02-06 00:08:38,345 - db_helper - INFO - fetch_expenses_for_date called with 2024-08-01
2025-02-06 00:08:41,674 - db_helper - INFO - fetch_expenses_for_date called with 2024-08-01
2025-02-06 00:08:48,033 - db_helper - INFO - fetch_expenses_for_date called with 2024-08-07
2025-02-06 11:22:50,964 - db_helper - INFO - fetch_expense_summary called with start:2024-08-01,end:2024-08-05
2025-02-06 12:04:28,828 - db_helper - INFO - fetch_expense_summary called with start:2024-08-01,end:2024-08-05
2025-02-06 12:06:31,784 - db_helper - INFO - fetch_expenses_for_date called with 2024-08-01
2025-02-06 12:12:32,648 - db_helper - INFO - fetch_expenses_for_date called with 2024-08-01
2025-02-06 12:12:36,595 - db_helper - INFO - fetch_expenses_for_date called with 2024-08-01
2025-02-06 12:12:36,645 - db_helper - INFO - fetch_expense_summary called with start:2024-08-01,end:2024-08-05
2025-02-06 12:13:17,683 - db_helper - INFO - fetch_expenses_for_date called with 2024-08-01
2025-02-06 12:13:17,718 - db_helper - INFO - fetch_expense_summary called with start:2024-08-01,end:2024-08-05
2025-02-06 12:20:43,426 - db_helper - INFO - fetch_expenses_for_date called with 2024-08-01
2025-02-06 12:20:45,998 - db_helper - INFO - fetch_expenses_for_date called with 2024-08-01
2025-02-06 12:20:46,054 - db_helper - INFO - fetch_expense_summary called with start:2024-08-01,end:2024-08-05
2025-02-06 12:23:25,918 - db_helper - INFO - fetch_expenses_for_date called with 2024-08-01
2025-02-06 12:23:25,954 - db_helper - INFO - fetch_expense_summary called with start:2024-08-01,end:2024-08-05
2025-02-06 12:23:27,279 - db_helper - INFO - fetch_expenses_for_date called with 2024-08-01
2025-02-06 12:23:27,364 - db_helper - INFO - fetch_expense_summary called with start:2024-08-01,end:2024-08-05
2025-02-06 12:24:05,207 - db_helper - INFO - fetch_expenses_for_date called with 2024-08-01
2025-02-06 12:24:07,214 - db_helper - INFO - fetch_expenses_for_date called with 2024-08-01
2025-02-06 12:24:07,262 - db_helper - INFO - fetch_expense_summary called with start:2024-08-01,end:2024-08-05
2025-02-06 12:24:45,148 - db_helper - INFO - fetch_expenses_for_date called with 2024-08-01
2025-02-06 12:24:45,181 - db_helper - INFO - fetch_expense_summary called with start:2024-08-01,end:2024-08-05
2025-02-06 12:30:07,733 - db_helper - INFO - fetch_expenses_for_date called with 2024-08-01
2025-02-06 12:30:11,930 - db_helper - INFO - fetch_expenses_for_date called with 2024-08-01
2025-02-06 12:30:11,987 - db_helper - INFO - fetch_expense_summary called with start:2024-08-01,end:2024-08-05
2025-02-08 10:53:09,923 - db_helper - INFO - fetch_expenses_by_month called with year:2024
2025-02-09 09:32:42,219 - db_helper - INFO - fetch_expenses_for_date called with 2024-08-01
2025-02-09 09:33:49,954 - db_helper - INFO - fetch_expenses_for_date called with 2024-08-01
2025-02-09 09:34:05,010 - db_helper - INFO - fetch_expenses_for_date called with 2024-08-01
2025-02-09 09:34:05,053 - db_helper - INFO - fetch_expense_summary called with start:2024-08-01,end:2024-08-05
2025-02-09 09:34:10,555 - db_helper - INFO - fetch_expenses_for_date called with 2024-08-01
2025-02-09 09:35:32,133 - db_helper - INFO - fetch_expenses_for_date called with 2024-08-01
2025-02-09 09:35:36,373 - db_helper - INFO - fetch_expenses_for_date called with 2024-08-01
2025-02-09 09:35:49,974 - db_helper - INFO - fetch_expenses_for_date called with 2024-08-01
2025-02-09 09:35:58,600 - db_helper - INFO - fetch_expenses_for_date called with 2024-08-01
2025-02-09 09:35:58,654 - db_helper - INFO - fetch_expense_summary called with start:2024-08-01,end:2024-08-05
2025-02-09 09:36:06,241 - db_helper - INFO - fetch_expenses_for_date called with 2024-08-01
2025-02-09 09:37:06,319 - db_helper - INFO - fetch_expenses_for_date called with 2024-08-01
2025-02-09 09:37:15,463 - db_helper - INFO - fetch_expenses_for_date called with 2024-08-01
2025-02-09 09:53:58,814 - db_helper - INFO - fetch_expenses_for_date called with 2024-08-01
2025-02-09 09:54:02,743 - db_helper - INFO - fetch_expenses_for_date called with 2024-08-01
2025-02-09 09:59:14,043 - db_helper - INFO - fetch_expenses_for_date called with 2024-08-01
2025-02-09 10:19:31,390 - db_helper - INFO - fetch_expenses_for_date called with 2024-08-01
2025-02-09 10:19:36,884 - db_helper - INFO - fetch_expenses_for_date called with 2024-08-01
2025-02-09 10:19:36,922 - db_helper - INFO - fetch_expense_summary called with start:2024-08-01,end:2024-08-05
2025-02-09 10:19:40,488 - db_helper - INFO - fetch_expenses_for_date called with 2024-08-01
2025-02-09 10:19:40,529 - db_helper - INFO - fetch_expenses_by_month called with year:2024
2025-02-09 10:29:52,346 - db_helper - INFO - fetch_expenses_for_date called with 2024-08-01
2025-02-09 10:30:04,815 - db_helper - INFO - fetch_expenses_for_date called with 2024-08-01
2025-02-09 10:30:04,853 - db_helper - INFO - fetch_expense_summary called with start:2024-08-01,end:2024-08-05
2025-02-09 10:30:09,713 - db_helper - INFO - fetch_expenses_for_date called with 2024-08-01
2025-02-09 10:30:09,743 - db_helper - INFO - fetch_expenses_by_month called with year:2024
2025-02-09 10:31:27,945 - db_helper - INFO - fetch_expenses_for_date called with 2024-08-01
2025-02-09 10:31:32,376 - db_helper - INFO - fetch_expenses_for_date called with 2024-08-01
2025-02-09 10:31:32,412 - db_helper - INFO - fetch_expense_summary called with start:2024-08-01,end:2024-08-05
2025-02-09 10:31:35,588 - db_helper - INFO - fetch_expenses_for_date called with 2024-08-01
2025-02-09 10:31:35,639 - db_helper - INFO - fetch_expenses_by_month called with year:2024
2025-02-09 10:33:59,109 - db_helper - INFO - fetch_expenses_for_date called with 2024-08-01
2025-02-09 10:34:02,525 - db_helper - INFO - fetch_expenses_for_date called with 2024-08-01
2025-02-09 10:34:02,567 - db_helper - INFO - fetch_expense_summary called with start:2024-08-01,end:2024-08-05
2025-02-09 10:34:05,111 - db_helper - INFO - fetch_expenses_for_date called with 2024-08-01
2025-02-09 10:34:05,147 - db_helper - INFO - fetch_expenses_by_month called with year:2024
2025-02-09 10:36:12,495 - db_helper - INFO - fetch_expenses_for_date called with 2024-08-01
2025-02-09 10:36:16,297 - db_helper - INFO - fetch_expenses_for_date called with 2024-08-01
2025-02-09 10:36:16,330 - db_helper - INFO - fetch_expense_summary called with start:2024-08-01,end:2024-08-05
2025-02-09 10:36:19,754 - db_helper - INFO - fetch_expenses_for_date called with 2024-08-01
2025-02-09 10:36:19,801 - db_helper - INFO - fetch_expenses_by_month called with year:2024
2025-02-09 10:37:25,315 - db_helper - INFO - fetch_expenses_for_date called with 2024-08-01
2025-02-09 10:37:29,777 - db_helper - INFO - fetch_expenses_for_date called with 2024-08-01
2025-02-09 10:37:29,817 - db_helper - INFO - fetch_expense_summary called with start:2024-08-01,end:2024-08-05
2025-02-09 10:37:33,079 - db_helper - INFO - fetch_expenses_for_date called with 2024-08-01
2025-02-09 10:37:33,112 - db_helper - INFO - fetch_expenses_by_month called with year:2024
2025-02-09 10:39:52,203 - db_helper - INFO - fetch_expenses_for_date called with 2024-08-01
2025-02-09 10:39:55,278 - db_helper - INFO - fetch_expenses_for_date called with 2024-08-01
2025-02-09 10:39:55,327 - db_helper - INFO - fetch_expenses_by_month called with year:2024
2025-02-09 10:40:39,536 - db_helper - INFO - fetch_expenses_for_date called with 2024-08-01
2025-02-09 10:40:39,596 - db_helper - INFO - fetch_expenses_by_month called with year:2024
2025-02-09 10:40:55,732 - db_helper - INFO - fetch_expenses_for_date called with 2024-08-01
2025-02-09 10:40:55,783 - db_helper - INFO - fetch_expense_summary called with start:2024-08-01,end:2024-08-05
2025-02-09 10:40:55,816 - db_helper - INFO - fetch_expenses_by_month called with year:2024
